<?xml version="1.0" encoding="UTF-8"?>
<!-- Generated by org.testng.reporters.JUnitXMLReporter -->
<testsuite hostname="DESKTOP-8S26QA8" ignored="0" name="Test" tests="5" failures="0" timestamp="2021-12-27T23:04:53 IST" time="128.913" errors="0">
  <testcase name="launch" time="30.762" classname="BatchExecution.BrowserLaunch3"/>
  <testcase name="launch" time="102.221" classname="BatchExecution.BrowserLaunch5"/>
  <testcase name="launch" time="114.933" classname="BatchExecution.BrowserLaunch2"/>
  <testcase name="launch" time="116.488" classname="BatchExecution.BrowserLaunch4"/>
  <testcase name="launch" time="128.745" classname="BatchExecution.BrowserLaunch1"/>
</testsuite> <!-- Test -->
